<?xml version="1.0" encoding="UTF-8"?>
<!-- Generated by org.testng.reporters.JUnitReportReporter -->
<testsuite skipped="0" hostname="DESKTOP-KBF4O9F" name="test.CheckBoxRemoveTest" tests="1" failures="0" timestamp="29 Aug 2020 15:25:33 GMT" time="7.535" errors="0">
  <testcase name="checkBoxRemove" time="7.535" classname="test.CheckBoxRemoveTest"/>
</testsuite> <!-- test.CheckBoxRemoveTest -->
