<?xml version="1.0" encoding="UTF-8"?>
<!-- Generated by org.testng.reporters.JUnitReportReporter -->
<testsuite skipped="0" hostname="DESKTOP-KBF4O9F" name="test.AddCatagoryTest" tests="1" failures="0" timestamp="30 Aug 2020 17:40:45 GMT" time="5.252" errors="0">
  <testcase name="addName" time="5.252" classname="test.AddCatagoryTest"/>
</testsuite> <!-- test.AddCatagoryTest -->
