<?xml version="1.0" encoding="UTF-8"?>
<!-- Generated by org.testng.reporters.JUnitReportReporter -->
<testsuite skipped="0" hostname="DESKTOP-KBF4O9F" name="test.WhiteBackGroudValidationTest" tests="1" failures="0" timestamp="30 Aug 2020 17:40:45 GMT" time="5.784" errors="0">
  <testcase name="whiteBackground" time="5.784" classname="test.WhiteBackGroudValidationTest"/>
</testsuite> <!-- test.WhiteBackGroudValidationTest -->
