<?xml version="1.0" encoding="UTF-8"?>
<!-- Generated by org.testng.reporters.JUnitReportReporter -->
<testsuite skipped="0" hostname="DESKTOP-KBF4O9F" name="test.MonthValidationTest" tests="1" failures="0" timestamp="30 Aug 2020 17:40:45 GMT" time="8.382" errors="0">
  <testcase name="monthName" time="8.382" classname="test.MonthValidationTest"/>
</testsuite> <!-- test.MonthValidationTest -->
